<?xml version="1.0" encoding="utf-8" standalone="no"?>
<test-run id="2" testcasecount="60" result="Passed" total="60" passed="60" failed="0" inconclusive="0" skipped="0" asserts="83" engine-version="3.10.0.0" clr-version="4.0.30319.42000" start-time="2019-08-27 05:56:58Z" end-time="2019-08-27 05:57:24Z" duration="26.894295">
  <command-line><![CDATA["C:\Users\prapan\Source\Repos\FSE_Project\FSE_ProjectManager\packages\NUnit.ConsoleRunner.3.10.0\tools\nunit3-console.exe" "C:\Users\prapan\Source\Repos\FSE_Project\FSE_ProjectManager\PM.Web.Tests\bin\Debug\PM.Web.Tests.dll"]]></command-line>
  <test-suite type="Assembly" id="0-1067" name="PM.Web.Tests.dll" fullname="PM.Web.Tests.dll" runstate="Runnable" testcasecount="60" result="Passed" start-time="2019-08-27 05:57:04Z" end-time="2019-08-27 05:57:24Z" duration="19.746009" total="60" passed="60" failed="0" warnings="0" inconclusive="0" skipped="0" asserts="83">
    <environment framework-version="3.11.0.0" clr-version="4.0.30319.42000" os-version="Microsoft Windows NT 10.0.16299.0" platform="Win32NT" cwd="C:\Users\prapan\Source\Repos\FSE_Project\FSE_ProjectManager" machine-name="APMDP-ELPT81874" user="prapan" user-domain="ACEINA" culture="en-US" uiculture="en-US" os-architecture="x64" />
    <settings>
      <setting name="DisposeRunners" value="True" />
      <setting name="WorkDirectory" value="C:\Users\prapan\Source\Repos\FSE_Project\FSE_ProjectManager" />
      <setting name="ImageRuntimeVersion" value="4.0.30319" />
      <setting name="ImageTargetFrameworkName" value=".NETFramework,Version=v4.6.1" />
      <setting name="ImageRequiresX86" value="False" />
      <setting name="ImageRequiresDefaultAppDomainAssemblyResolver" value="False" />
      <setting name="NumberOfTestWorkers" value="4" />
    </settings>
    <properties>
      <property name="_PID" value="11880" />
      <property name="_APPDOMAIN" value="domain-" />
    </properties>
    <test-suite type="TestSuite" id="0-1068" name="PM" fullname="PM" runstate="Runnable" testcasecount="60" result="Passed" start-time="2019-08-27 05:57:04Z" end-time="2019-08-27 05:57:24Z" duration="19.696924" total="60" passed="60" failed="0" warnings="0" inconclusive="0" skipped="0" asserts="83">
      <test-suite type="TestSuite" id="0-1069" name="Web" fullname="PM.Web" runstate="Runnable" testcasecount="60" result="Passed" start-time="2019-08-27 05:57:04Z" end-time="2019-08-27 05:57:24Z" duration="19.695804" total="60" passed="60" failed="0" warnings="0" inconclusive="0" skipped="0" asserts="83">
        <test-suite type="SetUpFixture" id="0-1038" name="Tests" fullname="PM.Web.Tests.TestSetup" classname="PM.Web.Tests.TestSetup" runstate="Runnable" testcasecount="60" result="Passed" start-time="2019-08-27 05:57:04Z" end-time="2019-08-27 05:57:24Z" duration="19.690716" total="60" passed="60" failed="0" warnings="0" inconclusive="0" skipped="0" asserts="83">
          <test-suite type="TestFixture" id="0-1000" name="Miscellaneous_Test" fullname="PM.Web.Tests.Miscellaneous_Test" classname="PM.Web.Tests.Miscellaneous_Test" runstate="Runnable" testcasecount="5" result="Passed" start-time="2019-08-27 05:57:05Z" end-time="2019-08-27 05:57:07Z" duration="2.203551" total="5" passed="5" failed="0" warnings="0" inconclusive="0" skipped="0" asserts="5">
            <test-case id="0-1004" name="Test_InvalidDateFromDate" fullname="PM.Web.Tests.Miscellaneous_Test.Test_InvalidDateFromDate" methodname="Test_InvalidDateFromDate" classname="PM.Web.Tests.Miscellaneous_Test" runstate="Runnable" seed="1220225622" result="Passed" start-time="2019-08-27 05:57:05Z" end-time="2019-08-27 05:57:05Z" duration="0.042811" asserts="1" />
            <test-case id="0-1003" name="Test_InvalidDateFromString" fullname="PM.Web.Tests.Miscellaneous_Test.Test_InvalidDateFromString" methodname="Test_InvalidDateFromString" classname="PM.Web.Tests.Miscellaneous_Test" runstate="Runnable" seed="1120671864" result="Passed" start-time="2019-08-27 05:57:05Z" end-time="2019-08-27 05:57:05Z" duration="0.005897" asserts="1" />
            <test-case id="0-1001" name="Test_JsonObject" fullname="PM.Web.Tests.Miscellaneous_Test.Test_JsonObject" methodname="Test_JsonObject" classname="PM.Web.Tests.Miscellaneous_Test" runstate="Runnable" seed="632299226" result="Passed" start-time="2019-08-27 05:57:05Z" end-time="2019-08-27 05:57:07Z" duration="2.089995" asserts="1" />
            <test-case id="0-1002" name="Test_StringToJson" fullname="PM.Web.Tests.Miscellaneous_Test.Test_StringToJson" methodname="Test_StringToJson" classname="PM.Web.Tests.Miscellaneous_Test" runstate="Runnable" seed="764501132" result="Passed" start-time="2019-08-27 05:57:07Z" end-time="2019-08-27 05:57:07Z" duration="0.000525" asserts="1" />
            <test-case id="0-1005" name="UserDto_DisplayName" fullname="PM.Web.Tests.Miscellaneous_Test.UserDto_DisplayName" methodname="UserDto_DisplayName" classname="PM.Web.Tests.Miscellaneous_Test" runstate="Runnable" seed="1281071607" result="Passed" start-time="2019-08-27 05:57:07Z" end-time="2019-08-27 05:57:07Z" duration="0.034066" asserts="1" />
          </test-suite>
          <test-suite type="TestFixture" id="0-1006" name="TestFilterStateHelper" fullname="PM.Web.Tests.TestFilterStateHelper" classname="PM.Web.Tests.TestFilterStateHelper" runstate="Runnable" testcasecount="8" result="Passed" start-time="2019-08-27 05:57:07Z" end-time="2019-08-27 05:57:08Z" duration="1.322518" total="8" passed="8" failed="0" warnings="0" inconclusive="0" skipped="0" asserts="21">
            <test-case id="0-1011" name="AddFilter_ShouldThrowErrorIfAddingSameFilter" fullname="PM.Web.Tests.TestFilterStateHelper.AddFilter_ShouldThrowErrorIfAddingSameFilter" methodname="AddFilter_ShouldThrowErrorIfAddingSameFilter" classname="PM.Web.Tests.TestFilterStateHelper" runstate="Runnable" seed="433262877" result="Passed" start-time="2019-08-27 05:57:07Z" end-time="2019-08-27 05:57:08Z" duration="1.027496" asserts="2" />
            <test-case id="0-1010" name="AddFilter_Test" fullname="PM.Web.Tests.TestFilterStateHelper.AddFilter_Test" methodname="AddFilter_Test" classname="PM.Web.Tests.TestFilterStateHelper" runstate="Runnable" seed="1813616742" result="Passed" start-time="2019-08-27 05:57:08Z" end-time="2019-08-27 05:57:08Z" duration="0.003820" asserts="1" />
            <test-case id="0-1008" name="FilterDescriptor_Test" fullname="PM.Web.Tests.TestFilterStateHelper.FilterDescriptor_Test" methodname="FilterDescriptor_Test" classname="PM.Web.Tests.TestFilterStateHelper" runstate="Runnable" seed="168638493" result="Passed" start-time="2019-08-27 05:57:08Z" end-time="2019-08-27 05:57:08Z" duration="0.015946" asserts="6" />
            <test-case id="0-1013" name="FlattenCompositeFilterDescriptor_ShouldThrowErrorIfUnsupportedOperatorUsed" fullname="PM.Web.Tests.TestFilterStateHelper.FlattenCompositeFilterDescriptor_ShouldThrowErrorIfUnsupportedOperatorUsed" methodname="FlattenCompositeFilterDescriptor_ShouldThrowErrorIfUnsupportedOperatorUsed" classname="PM.Web.Tests.TestFilterStateHelper" runstate="Runnable" seed="915847424" result="Passed" start-time="2019-08-27 05:57:08Z" end-time="2019-08-27 05:57:08Z" duration="0.000982" asserts="1" />
            <test-case id="0-1014" name="FlattenCompositeFilterDescriptor_Test" fullname="PM.Web.Tests.TestFilterStateHelper.FlattenCompositeFilterDescriptor_Test" methodname="FlattenCompositeFilterDescriptor_Test" classname="PM.Web.Tests.TestFilterStateHelper" runstate="Runnable" seed="1343660714" result="Passed" start-time="2019-08-27 05:57:08Z" end-time="2019-08-27 05:57:08Z" duration="0.020785" asserts="1" />
            <test-case id="0-1012" name="SearchFilterDescriptors_Test" fullname="PM.Web.Tests.TestFilterStateHelper.SearchFilterDescriptors_Test" methodname="SearchFilterDescriptors_Test" classname="PM.Web.Tests.TestFilterStateHelper" runstate="Runnable" seed="1620852995" result="Passed" start-time="2019-08-27 05:57:08Z" end-time="2019-08-27 05:57:08Z" duration="0.000436" asserts="1" />
            <test-case id="0-1009" name="SortDescriptor_Test" fullname="PM.Web.Tests.TestFilterStateHelper.SortDescriptor_Test" methodname="SortDescriptor_Test" classname="PM.Web.Tests.TestFilterStateHelper" runstate="Runnable" seed="330729712" result="Passed" start-time="2019-08-27 05:57:08Z" end-time="2019-08-27 05:57:08Z" duration="0.238953" asserts="4" />
            <test-case id="0-1007" name="ToOperatorStr_Test" fullname="PM.Web.Tests.TestFilterStateHelper.ToOperatorStr_Test" methodname="ToOperatorStr_Test" classname="PM.Web.Tests.TestFilterStateHelper" runstate="Runnable" seed="1548440182" result="Passed" start-time="2019-08-27 05:57:08Z" end-time="2019-08-27 05:57:08Z" duration="0.012351" asserts="5" />
          </test-suite>
          <test-suite type="TestFixture" id="0-1031" name="TestParentTaskController" fullname="PM.Web.Tests.TestParentTaskController" classname="PM.Web.Tests.TestParentTaskController" runstate="Runnable" testcasecount="6" result="Passed" start-time="2019-08-27 05:57:08Z" end-time="2019-08-27 05:57:22Z" duration="13.589489" total="6" passed="6" failed="0" warnings="0" inconclusive="0" skipped="0" asserts="6">
            <test-case id="0-1034" name="GetparentTask_ShouldNotReturnTask" fullname="PM.Web.Tests.TestParentTaskController.GetparentTask_ShouldNotReturnTask" methodname="GetparentTask_ShouldNotReturnTask" classname="PM.Web.Tests.TestParentTaskController" runstate="Runnable" seed="512330" result="Passed" start-time="2019-08-27 05:57:08Z" end-time="2019-08-27 05:57:10Z" duration="1.817656" asserts="1" />
            <test-case id="0-1035" name="GetparentTask_ShouldNotReturnTask_DB" fullname="PM.Web.Tests.TestParentTaskController.GetparentTask_ShouldNotReturnTask_DB" methodname="GetparentTask_ShouldNotReturnTask_DB" classname="PM.Web.Tests.TestParentTaskController" runstate="Runnable" seed="1180029508" result="Passed" start-time="2019-08-27 05:57:10Z" end-time="2019-08-27 05:57:21Z" duration="11.364851" asserts="1" />
            <test-case id="0-1033" name="GetparentTask_ShouldReturnCorrectparentTask" fullname="PM.Web.Tests.TestParentTaskController.GetparentTask_ShouldReturnCorrectparentTask" methodname="GetparentTask_ShouldReturnCorrectparentTask" classname="PM.Web.Tests.TestParentTaskController" runstate="Runnable" seed="1720386501" result="Passed" start-time="2019-08-27 05:57:21Z" end-time="2019-08-27 05:57:21Z" duration="0.180477" asserts="1" />
            <test-case id="0-1032" name="GetTasks_ShouldReturnAllParenTasks" fullname="PM.Web.Tests.TestParentTaskController.GetTasks_ShouldReturnAllParenTasks" methodname="GetTasks_ShouldReturnAllParenTasks" classname="PM.Web.Tests.TestParentTaskController" runstate="Runnable" seed="1480381666" result="Passed" start-time="2019-08-27 05:57:21Z" end-time="2019-08-27 05:57:22Z" duration="0.110547" asserts="1" />
            <test-case id="0-1036" name="Update_ShouldAddNewparentTask" fullname="PM.Web.Tests.TestParentTaskController.Update_ShouldAddNewparentTask" methodname="Update_ShouldAddNewparentTask" classname="PM.Web.Tests.TestParentTaskController" runstate="Runnable" seed="764972415" result="Passed" start-time="2019-08-27 05:57:22Z" end-time="2019-08-27 05:57:22Z" duration="0.056526" asserts="1" />
            <test-case id="0-1037" name="Update_ShouldUpdateCorrectParentTask" fullname="PM.Web.Tests.TestParentTaskController.Update_ShouldUpdateCorrectParentTask" methodname="Update_ShouldUpdateCorrectParentTask" classname="PM.Web.Tests.TestParentTaskController" runstate="Runnable" seed="1810533966" result="Passed" start-time="2019-08-27 05:57:22Z" end-time="2019-08-27 05:57:22Z" duration="0.047618" asserts="1" />
          </test-suite>
          <test-suite type="TestFixture" id="0-1015" name="TestProjectController" fullname="PM.Web.Tests.TestProjectController" classname="PM.Web.Tests.TestProjectController" runstate="Runnable" testcasecount="15" result="Passed" start-time="2019-08-27 05:57:22Z" end-time="2019-08-27 05:57:23Z" duration="1.133376" total="15" passed="15" failed="0" warnings="0" inconclusive="0" skipped="0" asserts="19">
            <test-case id="0-1025" name="Delete_ShouldDeleteCorrectProject" fullname="PM.Web.Tests.TestProjectController.Delete_ShouldDeleteCorrectProject" methodname="Delete_ShouldDeleteCorrectProject" classname="PM.Web.Tests.TestProjectController" runstate="Runnable" seed="2127252848" result="Passed" start-time="2019-08-27 05:57:22Z" end-time="2019-08-27 05:57:22Z" duration="0.119879" asserts="1" />
            <test-case id="0-1027" name="Delete_ShouldNotDeleteWhenProjectHasTasks" fullname="PM.Web.Tests.TestProjectController.Delete_ShouldNotDeleteWhenProjectHasTasks" methodname="Delete_ShouldNotDeleteWhenProjectHasTasks" classname="PM.Web.Tests.TestProjectController" runstate="Runnable" seed="1261887284" result="Passed" start-time="2019-08-27 05:57:22Z" end-time="2019-08-27 05:57:22Z" duration="0.039816" asserts="1" />
            <test-case id="0-1026" name="Delete_ShouldNotDeleteWhenProjectNotFound" fullname="PM.Web.Tests.TestProjectController.Delete_ShouldNotDeleteWhenProjectNotFound" methodname="Delete_ShouldNotDeleteWhenProjectNotFound" classname="PM.Web.Tests.TestProjectController" runstate="Runnable" seed="1764375014" result="Passed" start-time="2019-08-27 05:57:22Z" end-time="2019-08-27 05:57:22Z" duration="0.040167" asserts="1" />
            <test-case id="0-1021" name="GetProject_ShouldNotReturnProject" fullname="PM.Web.Tests.TestProjectController.GetProject_ShouldNotReturnProject" methodname="GetProject_ShouldNotReturnProject" classname="PM.Web.Tests.TestProjectController" runstate="Runnable" seed="621443821" result="Passed" start-time="2019-08-27 05:57:22Z" end-time="2019-08-27 05:57:22Z" duration="0.052213" asserts="1" />
            <test-case id="0-1022" name="GetProject_ShouldNotReturnProject_DB" fullname="PM.Web.Tests.TestProjectController.GetProject_ShouldNotReturnProject_DB" methodname="GetProject_ShouldNotReturnProject_DB" classname="PM.Web.Tests.TestProjectController" runstate="Runnable" seed="875352855" result="Passed" start-time="2019-08-27 05:57:22Z" end-time="2019-08-27 05:57:22Z" duration="0.077355" asserts="1" />
            <test-case id="0-1020" name="GetProject_ShouldReturnCorrectProject" fullname="PM.Web.Tests.TestProjectController.GetProject_ShouldReturnCorrectProject" methodname="GetProject_ShouldReturnCorrectProject" classname="PM.Web.Tests.TestProjectController" runstate="Runnable" seed="172013852" result="Passed" start-time="2019-08-27 05:57:22Z" end-time="2019-08-27 05:57:22Z" duration="0.073791" asserts="3" />
            <test-case id="0-1016" name="GetProjects_ShouldReturnAllProjects" fullname="PM.Web.Tests.TestProjectController.GetProjects_ShouldReturnAllProjects" methodname="GetProjects_ShouldReturnAllProjects" classname="PM.Web.Tests.TestProjectController" runstate="Runnable" seed="1587522457" result="Passed" start-time="2019-08-27 05:57:22Z" end-time="2019-08-27 05:57:22Z" duration="0.094977" asserts="1" />
            <test-case id="0-1018" name="QueryProjects_ShouldNotReturnAnyProject" fullname="PM.Web.Tests.TestProjectController.QueryProjects_ShouldNotReturnAnyProject" methodname="QueryProjects_ShouldNotReturnAnyProject" classname="PM.Web.Tests.TestProjectController" runstate="Runnable" seed="230707621" result="Passed" start-time="2019-08-27 05:57:22Z" end-time="2019-08-27 05:57:22Z" duration="0.058769" asserts="1" />
            <test-case id="0-1017" name="QueryProjects_ShouldReturnAllProjects" fullname="PM.Web.Tests.TestProjectController.QueryProjects_ShouldReturnAllProjects" methodname="QueryProjects_ShouldReturnAllProjects" classname="PM.Web.Tests.TestProjectController" runstate="Runnable" seed="1160366725" result="Passed" start-time="2019-08-27 05:57:22Z" end-time="2019-08-27 05:57:22Z" duration="0.061458" asserts="1" />
            <test-case id="0-1019" name="QueryProjects_ShouldReturnTaskWithPriorityGreaterThanAndEqualToZero" fullname="PM.Web.Tests.TestProjectController.QueryProjects_ShouldReturnTaskWithPriorityGreaterThanAndEqualToZero" methodname="QueryProjects_ShouldReturnTaskWithPriorityGreaterThanAndEqualToZero" classname="PM.Web.Tests.TestProjectController" runstate="Runnable" seed="2080248270" result="Passed" start-time="2019-08-27 05:57:22Z" end-time="2019-08-27 05:57:23Z" duration="0.245670" asserts="1" />
            <test-case id="0-1023" name="Update_ShouldAddNewProject" fullname="PM.Web.Tests.TestProjectController.Update_ShouldAddNewProject" methodname="Update_ShouldAddNewProject" classname="PM.Web.Tests.TestProjectController" runstate="Runnable" seed="1967088495" result="Passed" start-time="2019-08-27 05:57:23Z" end-time="2019-08-27 05:57:23Z" duration="0.075184" asserts="2" />
            <test-case id="0-1024" name="Update_ShouldUpdateCorrectProject" fullname="PM.Web.Tests.TestProjectController.Update_ShouldUpdateCorrectProject" methodname="Update_ShouldUpdateCorrectProject" classname="PM.Web.Tests.TestProjectController" runstate="Runnable" seed="1954989856" result="Passed" start-time="2019-08-27 05:57:23Z" end-time="2019-08-27 05:57:23Z" duration="0.039153" asserts="2" />
            <test-case id="0-1030" name="UpdateProjectState_ShouldUpdateCorrectProject" fullname="PM.Web.Tests.TestProjectController.UpdateProjectState_ShouldUpdateCorrectProject" methodname="UpdateProjectState_ShouldUpdateCorrectProject" classname="PM.Web.Tests.TestProjectController" runstate="Runnable" seed="1510806016" result="Passed" start-time="2019-08-27 05:57:23Z" end-time="2019-08-27 05:57:23Z" duration="0.033791" asserts="1" />
            <test-case id="0-1029" name="UpdateProjectState_WhenProjectAlreadyUpdated" fullname="PM.Web.Tests.TestProjectController.UpdateProjectState_WhenProjectAlreadyUpdated" methodname="UpdateProjectState_WhenProjectAlreadyUpdated" classname="PM.Web.Tests.TestProjectController" runstate="Runnable" seed="1262058573" result="Passed" start-time="2019-08-27 05:57:23Z" end-time="2019-08-27 05:57:23Z" duration="0.040712" asserts="1" />
            <test-case id="0-1028" name="UpdateProjectState_WhenProjectDoesNotExists" fullname="PM.Web.Tests.TestProjectController.UpdateProjectState_WhenProjectDoesNotExists" methodname="UpdateProjectState_WhenProjectDoesNotExists" classname="PM.Web.Tests.TestProjectController" runstate="Runnable" seed="1380358395" result="Passed" start-time="2019-08-27 05:57:23Z" end-time="2019-08-27 05:57:23Z" duration="0.040043" asserts="1" />
          </test-suite>
          <test-suite type="TestFixture" id="0-1039" name="TestTaskController" fullname="PM.Web.Tests.TestTaskController" classname="PM.Web.Tests.TestTaskController" runstate="Runnable" testcasecount="13" result="Passed" start-time="2019-08-27 05:57:23Z" end-time="2019-08-27 05:57:24Z" duration="1.006105" total="13" passed="13" failed="0" warnings="0" inconclusive="0" skipped="0" asserts="16">
            <test-case id="0-1048" name="Delete_ShouldDeleteCorrectTask" fullname="PM.Web.Tests.TestTaskController.Delete_ShouldDeleteCorrectTask" methodname="Delete_ShouldDeleteCorrectTask" classname="PM.Web.Tests.TestTaskController" runstate="Runnable" seed="348331338" result="Passed" start-time="2019-08-27 05:57:23Z" end-time="2019-08-27 05:57:23Z" duration="0.077569" asserts="1" />
            <test-case id="0-1049" name="Delete_ShouldNotDeleteWhenNoTaskFound" fullname="PM.Web.Tests.TestTaskController.Delete_ShouldNotDeleteWhenNoTaskFound" methodname="Delete_ShouldNotDeleteWhenNoTaskFound" classname="PM.Web.Tests.TestTaskController" runstate="Runnable" seed="402028176" result="Passed" start-time="2019-08-27 05:57:23Z" end-time="2019-08-27 05:57:23Z" duration="0.047701" asserts="1" />
            <test-case id="0-1044" name="GetTask_ShouldNotReturnTask" fullname="PM.Web.Tests.TestTaskController.GetTask_ShouldNotReturnTask" methodname="GetTask_ShouldNotReturnTask" classname="PM.Web.Tests.TestTaskController" runstate="Runnable" seed="1093975953" result="Passed" start-time="2019-08-27 05:57:23Z" end-time="2019-08-27 05:57:23Z" duration="0.034355" asserts="1" />
            <test-case id="0-1045" name="GetTask_ShouldNotReturnTask_DB" fullname="PM.Web.Tests.TestTaskController.GetTask_ShouldNotReturnTask_DB" methodname="GetTask_ShouldNotReturnTask_DB" classname="PM.Web.Tests.TestTaskController" runstate="Runnable" seed="2100257754" result="Passed" start-time="2019-08-27 05:57:23Z" end-time="2019-08-27 05:57:23Z" duration="0.432782" asserts="1" />
            <test-case id="0-1043" name="GetTask_ShouldReturnCorrectTask" fullname="PM.Web.Tests.TestTaskController.GetTask_ShouldReturnCorrectTask" methodname="GetTask_ShouldReturnCorrectTask" classname="PM.Web.Tests.TestTaskController" runstate="Runnable" seed="1720478351" result="Passed" start-time="2019-08-27 05:57:23Z" end-time="2019-08-27 05:57:23Z" duration="0.114680" asserts="2" />
            <test-case id="0-1040" name="GetTasks_ShouldReturnAllTasks" fullname="PM.Web.Tests.TestTaskController.GetTasks_ShouldReturnAllTasks" methodname="GetTasks_ShouldReturnAllTasks" classname="PM.Web.Tests.TestTaskController" runstate="Runnable" seed="752529203" result="Passed" start-time="2019-08-27 05:57:23Z" end-time="2019-08-27 05:57:24Z" duration="0.046469" asserts="1" />
            <test-case id="0-1042" name="QueryTasks_ShouldNotReturnAnyTask" fullname="PM.Web.Tests.TestTaskController.QueryTasks_ShouldNotReturnAnyTask" methodname="QueryTasks_ShouldNotReturnAnyTask" classname="PM.Web.Tests.TestTaskController" runstate="Runnable" seed="1416339623" result="Passed" start-time="2019-08-27 05:57:24Z" end-time="2019-08-27 05:57:24Z" duration="0.029913" asserts="1" />
            <test-case id="0-1041" name="QueryTasks_ShouldReturnAllProjects" fullname="PM.Web.Tests.TestTaskController.QueryTasks_ShouldReturnAllProjects" methodname="QueryTasks_ShouldReturnAllProjects" classname="PM.Web.Tests.TestTaskController" runstate="Runnable" seed="1694436019" result="Passed" start-time="2019-08-27 05:57:24Z" end-time="2019-08-27 05:57:24Z" duration="0.035634" asserts="1" />
            <test-case id="0-1046" name="Update_ShouldAddNewTask" fullname="PM.Web.Tests.TestTaskController.Update_ShouldAddNewTask" methodname="Update_ShouldAddNewTask" classname="PM.Web.Tests.TestTaskController" runstate="Runnable" seed="1009556412" result="Passed" start-time="2019-08-27 05:57:24Z" end-time="2019-08-27 05:57:24Z" duration="0.042374" asserts="2" />
            <test-case id="0-1047" name="Update_ShouldUpdateCorrectTask" fullname="PM.Web.Tests.TestTaskController.Update_ShouldUpdateCorrectTask" methodname="Update_ShouldUpdateCorrectTask" classname="PM.Web.Tests.TestTaskController" runstate="Runnable" seed="715212002" result="Passed" start-time="2019-08-27 05:57:24Z" end-time="2019-08-27 05:57:24Z" duration="0.032537" asserts="2" />
            <test-case id="0-1052" name="UpdateTaskState_ShouldUpdateCorrectTask" fullname="PM.Web.Tests.TestTaskController.UpdateTaskState_ShouldUpdateCorrectTask" methodname="UpdateTaskState_ShouldUpdateCorrectTask" classname="PM.Web.Tests.TestTaskController" runstate="Runnable" seed="422771451" result="Passed" start-time="2019-08-27 05:57:24Z" end-time="2019-08-27 05:57:24Z" duration="0.038485" asserts="1" />
            <test-case id="0-1051" name="UpdateTaskState_WhenTaskAlreadyUpToDate" fullname="PM.Web.Tests.TestTaskController.UpdateTaskState_WhenTaskAlreadyUpToDate" methodname="UpdateTaskState_WhenTaskAlreadyUpToDate" classname="PM.Web.Tests.TestTaskController" runstate="Runnable" seed="1705167568" result="Passed" start-time="2019-08-27 05:57:24Z" end-time="2019-08-27 05:57:24Z" duration="0.029448" asserts="1" />
            <test-case id="0-1050" name="UpdateTaskState_WhenTaskDoesNotExist" fullname="PM.Web.Tests.TestTaskController.UpdateTaskState_WhenTaskDoesNotExist" methodname="UpdateTaskState_WhenTaskDoesNotExist" classname="PM.Web.Tests.TestTaskController" runstate="Runnable" seed="1187864639" result="Passed" start-time="2019-08-27 05:57:24Z" end-time="2019-08-27 05:57:24Z" duration="0.021479" asserts="1" />
          </test-suite>
          <test-suite type="TestFixture" id="0-1053" name="TestUserController" fullname="PM.Web.Tests.TestUserController" classname="PM.Web.Tests.TestUserController" runstate="Runnable" testcasecount="13" result="Passed" start-time="2019-08-27 05:57:24Z" end-time="2019-08-27 05:57:24Z" duration="0.421282" total="13" passed="13" failed="0" warnings="0" inconclusive="0" skipped="0" asserts="16">
            <test-case id="0-1063" name="Delete_ShouldDeleteCorrectUser" fullname="PM.Web.Tests.TestUserController.Delete_ShouldDeleteCorrectUser" methodname="Delete_ShouldDeleteCorrectUser" classname="PM.Web.Tests.TestUserController" runstate="Runnable" seed="948403931" result="Passed" start-time="2019-08-27 05:57:24Z" end-time="2019-08-27 05:57:24Z" duration="0.064377" asserts="1" />
            <test-case id="0-1065" name="Delete_ShouldNotDeleteWhenUserHasProjects" fullname="PM.Web.Tests.TestUserController.Delete_ShouldNotDeleteWhenUserHasProjects" methodname="Delete_ShouldNotDeleteWhenUserHasProjects" classname="PM.Web.Tests.TestUserController" runstate="Runnable" seed="89850883" result="Passed" start-time="2019-08-27 05:57:24Z" end-time="2019-08-27 05:57:24Z" duration="0.027967" asserts="1" />
            <test-case id="0-1066" name="Delete_ShouldNotDeleteWhenUserHasTasks" fullname="PM.Web.Tests.TestUserController.Delete_ShouldNotDeleteWhenUserHasTasks" methodname="Delete_ShouldNotDeleteWhenUserHasTasks" classname="PM.Web.Tests.TestUserController" runstate="Runnable" seed="1887589500" result="Passed" start-time="2019-08-27 05:57:24Z" end-time="2019-08-27 05:57:24Z" duration="0.027425" asserts="1" />
            <test-case id="0-1064" name="Delete_ShouldNotDeleteWhenUserNotFound" fullname="PM.Web.Tests.TestUserController.Delete_ShouldNotDeleteWhenUserNotFound" methodname="Delete_ShouldNotDeleteWhenUserNotFound" classname="PM.Web.Tests.TestUserController" runstate="Runnable" seed="1089598202" result="Passed" start-time="2019-08-27 05:57:24Z" end-time="2019-08-27 05:57:24Z" duration="0.031795" asserts="1" />
            <test-case id="0-1058" name="GetUser_ShouldNotReturnUser" fullname="PM.Web.Tests.TestUserController.GetUser_ShouldNotReturnUser" methodname="GetUser_ShouldNotReturnUser" classname="PM.Web.Tests.TestUserController" runstate="Runnable" seed="1857021790" result="Passed" start-time="2019-08-27 05:57:24Z" end-time="2019-08-27 05:57:24Z" duration="0.030216" asserts="1" />
            <test-case id="0-1059" name="GetUser_ShouldNotReturnUser_DB" fullname="PM.Web.Tests.TestUserController.GetUser_ShouldNotReturnUser_DB" methodname="GetUser_ShouldNotReturnUser_DB" classname="PM.Web.Tests.TestUserController" runstate="Runnable" seed="1596912747" result="Passed" start-time="2019-08-27 05:57:24Z" end-time="2019-08-27 05:57:24Z" duration="0.026015" asserts="1" />
            <test-case id="0-1057" name="GetUser_ShouldReturnCorrectUser" fullname="PM.Web.Tests.TestUserController.GetUser_ShouldReturnCorrectUser" methodname="GetUser_ShouldReturnCorrectUser" classname="PM.Web.Tests.TestUserController" runstate="Runnable" seed="1523631315" result="Passed" start-time="2019-08-27 05:57:24Z" end-time="2019-08-27 05:57:24Z" duration="0.031221" asserts="2" />
            <test-case id="0-1054" name="GetUsers_ShouldReturnAllUsers" fullname="PM.Web.Tests.TestUserController.GetUsers_ShouldReturnAllUsers" methodname="GetUsers_ShouldReturnAllUsers" classname="PM.Web.Tests.TestUserController" runstate="Runnable" seed="1611654533" result="Passed" start-time="2019-08-27 05:57:24Z" end-time="2019-08-27 05:57:24Z" duration="0.034058" asserts="1" />
            <test-case id="0-1056" name="QueryUser_ShouldNotReturnAnyProject" fullname="PM.Web.Tests.TestUserController.QueryUser_ShouldNotReturnAnyProject" methodname="QueryUser_ShouldNotReturnAnyProject" classname="PM.Web.Tests.TestUserController" runstate="Runnable" seed="1452949189" result="Passed" start-time="2019-08-27 05:57:24Z" end-time="2019-08-27 05:57:24Z" duration="0.023425" asserts="1" />
            <test-case id="0-1055" name="QueryUsers_ShouldReturnAllUsers" fullname="PM.Web.Tests.TestUserController.QueryUsers_ShouldReturnAllUsers" methodname="QueryUsers_ShouldReturnAllUsers" classname="PM.Web.Tests.TestUserController" runstate="Runnable" seed="414843346" result="Passed" start-time="2019-08-27 05:57:24Z" end-time="2019-08-27 05:57:24Z" duration="0.035988" asserts="1" />
            <test-case id="0-1060" name="Update_ShouldAddNewUser" fullname="PM.Web.Tests.TestUserController.Update_ShouldAddNewUser" methodname="Update_ShouldAddNewUser" classname="PM.Web.Tests.TestUserController" runstate="Runnable" seed="758216580" result="Passed" start-time="2019-08-27 05:57:24Z" end-time="2019-08-27 05:57:24Z" duration="0.040048" asserts="2" />
            <test-case id="0-1061" name="Update_ShouldNotUpdateIfFirstNameAndLastNameNotProvided" fullname="PM.Web.Tests.TestUserController.Update_ShouldNotUpdateIfFirstNameAndLastNameNotProvided" methodname="Update_ShouldNotUpdateIfFirstNameAndLastNameNotProvided" classname="PM.Web.Tests.TestUserController" runstate="Runnable" seed="426423346" result="Passed" start-time="2019-08-27 05:57:24Z" end-time="2019-08-27 05:57:24Z" duration="0.017782" asserts="1" />
            <test-case id="0-1062" name="Update_ShouldUpdateCorrectUser" fullname="PM.Web.Tests.TestUserController.Update_ShouldUpdateCorrectUser" methodname="Update_ShouldUpdateCorrectUser" classname="PM.Web.Tests.TestUserController" runstate="Runnable" seed="2092209258" result="Passed" start-time="2019-08-27 05:57:24Z" end-time="2019-08-27 05:57:24Z" duration="0.028581" asserts="2" />
          </test-suite>
        </test-suite>
      </test-suite>
    </test-suite>
  </test-suite>
</test-run>