<?xml version="1.0" encoding="utf-8" standalone="no"?>
<test-run id="2" testcasecount="60" result="Passed" total="60" passed="60" failed="0" inconclusive="0" skipped="0" asserts="83" engine-version="3.10.0.0" clr-version="4.0.30319.42000" start-time="2019-08-25 14:45:07Z" end-time="2019-08-25 14:45:27Z" duration="20.065479">
  <command-line><![CDATA["C:\Users\prapan\Source\Repos\FSE_Project\FSE_ProjectManager\packages\NUnit.ConsoleRunner.3.10.0\tools\nunit3-console.exe" "C:\Users\prapan\Source\Repos\FSE_Project\FSE_ProjectManager\PM.Web.Tests\bin\Debug\PM.Web.Tests.dll"]]></command-line>
  <test-suite type="Assembly" id="0-1067" name="PM.Web.Tests.dll" fullname="PM.Web.Tests.dll" runstate="Runnable" testcasecount="60" result="Passed" start-time="2019-08-25 14:45:13Z" end-time="2019-08-25 14:45:27Z" duration="13.580319" total="60" passed="60" failed="0" warnings="0" inconclusive="0" skipped="0" asserts="83">
    <environment framework-version="3.11.0.0" clr-version="4.0.30319.42000" os-version="Microsoft Windows NT 10.0.16299.0" platform="Win32NT" cwd="C:\Users\prapan\Source\Repos\FSE_Project\FSE_ProjectManager" machine-name="APMDP-ELPT81874" user="prapan" user-domain="ACEINA" culture="en-US" uiculture="en-US" os-architecture="x64" />
    <settings>
      <setting name="DisposeRunners" value="True" />
      <setting name="WorkDirectory" value="C:\Users\prapan\Source\Repos\FSE_Project\FSE_ProjectManager" />
      <setting name="ImageRuntimeVersion" value="4.0.30319" />
      <setting name="ImageTargetFrameworkName" value=".NETFramework,Version=v4.6.1" />
      <setting name="ImageRequiresX86" value="False" />
      <setting name="ImageRequiresDefaultAppDomainAssemblyResolver" value="False" />
      <setting name="NumberOfTestWorkers" value="4" />
    </settings>
    <properties>
      <property name="_PID" value="12148" />
      <property name="_APPDOMAIN" value="domain-" />
    </properties>
    <test-suite type="TestSuite" id="0-1068" name="PM" fullname="PM" runstate="Runnable" testcasecount="60" result="Passed" start-time="2019-08-25 14:45:13Z" end-time="2019-08-25 14:45:27Z" duration="13.534439" total="60" passed="60" failed="0" warnings="0" inconclusive="0" skipped="0" asserts="83">
      <test-suite type="TestSuite" id="0-1069" name="Web" fullname="PM.Web" runstate="Runnable" testcasecount="60" result="Passed" start-time="2019-08-25 14:45:13Z" end-time="2019-08-25 14:45:27Z" duration="13.533490" total="60" passed="60" failed="0" warnings="0" inconclusive="0" skipped="0" asserts="83">
        <test-suite type="SetUpFixture" id="0-1038" name="Tests" fullname="PM.Web.Tests.TestSetup" classname="PM.Web.Tests.TestSetup" runstate="Runnable" testcasecount="60" result="Passed" start-time="2019-08-25 14:45:13Z" end-time="2019-08-25 14:45:27Z" duration="13.527935" total="60" passed="60" failed="0" warnings="0" inconclusive="0" skipped="0" asserts="83">
          <test-suite type="TestFixture" id="0-1000" name="Miscellaneous_Test" fullname="PM.Web.Tests.Miscellaneous_Test" classname="PM.Web.Tests.Miscellaneous_Test" runstate="Runnable" testcasecount="5" result="Passed" start-time="2019-08-25 14:45:13Z" end-time="2019-08-25 14:45:15Z" duration="1.758266" total="5" passed="5" failed="0" warnings="0" inconclusive="0" skipped="0" asserts="5">
            <test-case id="0-1004" name="Test_InvalidDateFromDate" fullname="PM.Web.Tests.Miscellaneous_Test.Test_InvalidDateFromDate" methodname="Test_InvalidDateFromDate" classname="PM.Web.Tests.Miscellaneous_Test" runstate="Runnable" seed="1551046677" result="Passed" start-time="2019-08-25 14:45:13Z" end-time="2019-08-25 14:45:13Z" duration="0.028709" asserts="1" />
            <test-case id="0-1003" name="Test_InvalidDateFromString" fullname="PM.Web.Tests.Miscellaneous_Test.Test_InvalidDateFromString" methodname="Test_InvalidDateFromString" classname="PM.Web.Tests.Miscellaneous_Test" runstate="Runnable" seed="79594719" result="Passed" start-time="2019-08-25 14:45:13Z" end-time="2019-08-25 14:45:13Z" duration="0.003752" asserts="1" />
            <test-case id="0-1001" name="Test_JsonObject" fullname="PM.Web.Tests.Miscellaneous_Test.Test_JsonObject" methodname="Test_JsonObject" classname="PM.Web.Tests.Miscellaneous_Test" runstate="Runnable" seed="957067324" result="Passed" start-time="2019-08-25 14:45:13Z" end-time="2019-08-25 14:45:15Z" duration="1.676566" asserts="1" />
            <test-case id="0-1002" name="Test_StringToJson" fullname="PM.Web.Tests.Miscellaneous_Test.Test_StringToJson" methodname="Test_StringToJson" classname="PM.Web.Tests.Miscellaneous_Test" runstate="Runnable" seed="1988508367" result="Passed" start-time="2019-08-25 14:45:15Z" end-time="2019-08-25 14:45:15Z" duration="0.000775" asserts="1" />
            <test-case id="0-1005" name="UserDto_DisplayName" fullname="PM.Web.Tests.Miscellaneous_Test.UserDto_DisplayName" methodname="UserDto_DisplayName" classname="PM.Web.Tests.Miscellaneous_Test" runstate="Runnable" seed="1011403903" result="Passed" start-time="2019-08-25 14:45:15Z" end-time="2019-08-25 14:45:15Z" duration="0.027611" asserts="1" />
          </test-suite>
          <test-suite type="TestFixture" id="0-1006" name="TestFilterStateHelper" fullname="PM.Web.Tests.TestFilterStateHelper" classname="PM.Web.Tests.TestFilterStateHelper" runstate="Runnable" testcasecount="8" result="Passed" start-time="2019-08-25 14:45:15Z" end-time="2019-08-25 14:45:16Z" duration="1.042226" total="8" passed="8" failed="0" warnings="0" inconclusive="0" skipped="0" asserts="21">
            <test-case id="0-1011" name="AddFilter_ShouldThrowErrorIfAddingSameFilter" fullname="PM.Web.Tests.TestFilterStateHelper.AddFilter_ShouldThrowErrorIfAddingSameFilter" methodname="AddFilter_ShouldThrowErrorIfAddingSameFilter" classname="PM.Web.Tests.TestFilterStateHelper" runstate="Runnable" seed="528298371" result="Passed" start-time="2019-08-25 14:45:15Z" end-time="2019-08-25 14:45:16Z" duration="0.934564" asserts="2" />
            <test-case id="0-1010" name="AddFilter_Test" fullname="PM.Web.Tests.TestFilterStateHelper.AddFilter_Test" methodname="AddFilter_Test" classname="PM.Web.Tests.TestFilterStateHelper" runstate="Runnable" seed="570918083" result="Passed" start-time="2019-08-25 14:45:16Z" end-time="2019-08-25 14:45:16Z" duration="0.002707" asserts="1" />
            <test-case id="0-1008" name="FilterDescriptor_Test" fullname="PM.Web.Tests.TestFilterStateHelper.FilterDescriptor_Test" methodname="FilterDescriptor_Test" classname="PM.Web.Tests.TestFilterStateHelper" runstate="Runnable" seed="426158369" result="Passed" start-time="2019-08-25 14:45:16Z" end-time="2019-08-25 14:45:16Z" duration="0.016448" asserts="6" />
            <test-case id="0-1013" name="FlattenCompositeFilterDescriptor_ShouldThrowErrorIfUnsupportedOperatorUsed" fullname="PM.Web.Tests.TestFilterStateHelper.FlattenCompositeFilterDescriptor_ShouldThrowErrorIfUnsupportedOperatorUsed" methodname="FlattenCompositeFilterDescriptor_ShouldThrowErrorIfUnsupportedOperatorUsed" classname="PM.Web.Tests.TestFilterStateHelper" runstate="Runnable" seed="978678410" result="Passed" start-time="2019-08-25 14:45:16Z" end-time="2019-08-25 14:45:16Z" duration="0.000860" asserts="1" />
            <test-case id="0-1014" name="FlattenCompositeFilterDescriptor_Test" fullname="PM.Web.Tests.TestFilterStateHelper.FlattenCompositeFilterDescriptor_Test" methodname="FlattenCompositeFilterDescriptor_Test" classname="PM.Web.Tests.TestFilterStateHelper" runstate="Runnable" seed="673418825" result="Passed" start-time="2019-08-25 14:45:16Z" end-time="2019-08-25 14:45:16Z" duration="0.023900" asserts="1" />
            <test-case id="0-1012" name="SearchFilterDescriptors_Test" fullname="PM.Web.Tests.TestFilterStateHelper.SearchFilterDescriptors_Test" methodname="SearchFilterDescriptors_Test" classname="PM.Web.Tests.TestFilterStateHelper" runstate="Runnable" seed="272624958" result="Passed" start-time="2019-08-25 14:45:16Z" end-time="2019-08-25 14:45:16Z" duration="0.000590" asserts="1" />
            <test-case id="0-1009" name="SortDescriptor_Test" fullname="PM.Web.Tests.TestFilterStateHelper.SortDescriptor_Test" methodname="SortDescriptor_Test" classname="PM.Web.Tests.TestFilterStateHelper" runstate="Runnable" seed="1064547453" result="Passed" start-time="2019-08-25 14:45:16Z" end-time="2019-08-25 14:45:16Z" duration="0.054339" asserts="4" />
            <test-case id="0-1007" name="ToOperatorStr_Test" fullname="PM.Web.Tests.TestFilterStateHelper.ToOperatorStr_Test" methodname="ToOperatorStr_Test" classname="PM.Web.Tests.TestFilterStateHelper" runstate="Runnable" seed="1001372023" result="Passed" start-time="2019-08-25 14:45:16Z" end-time="2019-08-25 14:45:16Z" duration="0.007259" asserts="5" />
          </test-suite>
          <test-suite type="TestFixture" id="0-1031" name="TestParentTaskController" fullname="PM.Web.Tests.TestParentTaskController" classname="PM.Web.Tests.TestParentTaskController" runstate="Runnable" testcasecount="6" result="Passed" start-time="2019-08-25 14:45:16Z" end-time="2019-08-25 14:45:25Z" duration="9.009436" total="6" passed="6" failed="0" warnings="0" inconclusive="0" skipped="0" asserts="6">
            <test-case id="0-1034" name="GetparentTask_ShouldNotReturnTask" fullname="PM.Web.Tests.TestParentTaskController.GetparentTask_ShouldNotReturnTask" methodname="GetparentTask_ShouldNotReturnTask" classname="PM.Web.Tests.TestParentTaskController" runstate="Runnable" seed="1313714210" result="Passed" start-time="2019-08-25 14:45:16Z" end-time="2019-08-25 14:45:18Z" duration="1.294931" asserts="1" />
            <test-case id="0-1035" name="GetparentTask_ShouldNotReturnTask_DB" fullname="PM.Web.Tests.TestParentTaskController.GetparentTask_ShouldNotReturnTask_DB" methodname="GetparentTask_ShouldNotReturnTask_DB" classname="PM.Web.Tests.TestParentTaskController" runstate="Runnable" seed="580919001" result="Passed" start-time="2019-08-25 14:45:18Z" end-time="2019-08-25 14:45:25Z" duration="7.514705" asserts="1" />
            <test-case id="0-1033" name="GetparentTask_ShouldReturnCorrectparentTask" fullname="PM.Web.Tests.TestParentTaskController.GetparentTask_ShouldReturnCorrectparentTask" methodname="GetparentTask_ShouldReturnCorrectparentTask" classname="PM.Web.Tests.TestParentTaskController" runstate="Runnable" seed="1281819031" result="Passed" start-time="2019-08-25 14:45:25Z" end-time="2019-08-25 14:45:25Z" duration="0.091204" asserts="1" />
            <test-case id="0-1032" name="GetTasks_ShouldReturnAllParenTasks" fullname="PM.Web.Tests.TestParentTaskController.GetTasks_ShouldReturnAllParenTasks" methodname="GetTasks_ShouldReturnAllParenTasks" classname="PM.Web.Tests.TestParentTaskController" runstate="Runnable" seed="829487063" result="Passed" start-time="2019-08-25 14:45:25Z" end-time="2019-08-25 14:45:25Z" duration="0.058886" asserts="1" />
            <test-case id="0-1036" name="Update_ShouldAddNewparentTask" fullname="PM.Web.Tests.TestParentTaskController.Update_ShouldAddNewparentTask" methodname="Update_ShouldAddNewparentTask" classname="PM.Web.Tests.TestParentTaskController" runstate="Runnable" seed="190535296" result="Passed" start-time="2019-08-25 14:45:25Z" end-time="2019-08-25 14:45:25Z" duration="0.029474" asserts="1" />
            <test-case id="0-1037" name="Update_ShouldUpdateCorrectParentTask" fullname="PM.Web.Tests.TestParentTaskController.Update_ShouldUpdateCorrectParentTask" methodname="Update_ShouldUpdateCorrectParentTask" classname="PM.Web.Tests.TestParentTaskController" runstate="Runnable" seed="2037507474" result="Passed" start-time="2019-08-25 14:45:25Z" end-time="2019-08-25 14:45:25Z" duration="0.019378" asserts="1" />
          </test-suite>
          <test-suite type="TestFixture" id="0-1015" name="TestProjectController" fullname="PM.Web.Tests.TestProjectController" classname="PM.Web.Tests.TestProjectController" runstate="Runnable" testcasecount="15" result="Passed" start-time="2019-08-25 14:45:25Z" end-time="2019-08-25 14:45:26Z" duration="0.554626" total="15" passed="15" failed="0" warnings="0" inconclusive="0" skipped="0" asserts="19">
            <test-case id="0-1025" name="Delete_ShouldDeleteCorrectProject" fullname="PM.Web.Tests.TestProjectController.Delete_ShouldDeleteCorrectProject" methodname="Delete_ShouldDeleteCorrectProject" classname="PM.Web.Tests.TestProjectController" runstate="Runnable" seed="219533638" result="Passed" start-time="2019-08-25 14:45:25Z" end-time="2019-08-25 14:45:25Z" duration="0.050185" asserts="1" />
            <test-case id="0-1027" name="Delete_ShouldNotDeleteWhenProjectHasTasks" fullname="PM.Web.Tests.TestProjectController.Delete_ShouldNotDeleteWhenProjectHasTasks" methodname="Delete_ShouldNotDeleteWhenProjectHasTasks" classname="PM.Web.Tests.TestProjectController" runstate="Runnable" seed="730192938" result="Passed" start-time="2019-08-25 14:45:25Z" end-time="2019-08-25 14:45:25Z" duration="0.018978" asserts="1" />
            <test-case id="0-1026" name="Delete_ShouldNotDeleteWhenProjectNotFound" fullname="PM.Web.Tests.TestProjectController.Delete_ShouldNotDeleteWhenProjectNotFound" methodname="Delete_ShouldNotDeleteWhenProjectNotFound" classname="PM.Web.Tests.TestProjectController" runstate="Runnable" seed="1887548744" result="Passed" start-time="2019-08-25 14:45:25Z" end-time="2019-08-25 14:45:25Z" duration="0.016609" asserts="1" />
            <test-case id="0-1021" name="GetProject_ShouldNotReturnProject" fullname="PM.Web.Tests.TestProjectController.GetProject_ShouldNotReturnProject" methodname="GetProject_ShouldNotReturnProject" classname="PM.Web.Tests.TestProjectController" runstate="Runnable" seed="1252208005" result="Passed" start-time="2019-08-25 14:45:25Z" end-time="2019-08-25 14:45:25Z" duration="0.021728" asserts="1" />
            <test-case id="0-1022" name="GetProject_ShouldNotReturnProject_DB" fullname="PM.Web.Tests.TestProjectController.GetProject_ShouldNotReturnProject_DB" methodname="GetProject_ShouldNotReturnProject_DB" classname="PM.Web.Tests.TestProjectController" runstate="Runnable" seed="1939617944" result="Passed" start-time="2019-08-25 14:45:25Z" end-time="2019-08-25 14:45:25Z" duration="0.023240" asserts="1" />
            <test-case id="0-1020" name="GetProject_ShouldReturnCorrectProject" fullname="PM.Web.Tests.TestProjectController.GetProject_ShouldReturnCorrectProject" methodname="GetProject_ShouldReturnCorrectProject" classname="PM.Web.Tests.TestProjectController" runstate="Runnable" seed="1166517930" result="Passed" start-time="2019-08-25 14:45:25Z" end-time="2019-08-25 14:45:25Z" duration="0.034168" asserts="3" />
            <test-case id="0-1016" name="GetProjects_ShouldReturnAllProjects" fullname="PM.Web.Tests.TestProjectController.GetProjects_ShouldReturnAllProjects" methodname="GetProjects_ShouldReturnAllProjects" classname="PM.Web.Tests.TestProjectController" runstate="Runnable" seed="1224102873" result="Passed" start-time="2019-08-25 14:45:25Z" end-time="2019-08-25 14:45:25Z" duration="0.040396" asserts="1" />
            <test-case id="0-1018" name="QueryProjects_ShouldNotReturnAnyProject" fullname="PM.Web.Tests.TestProjectController.QueryProjects_ShouldNotReturnAnyProject" methodname="QueryProjects_ShouldNotReturnAnyProject" classname="PM.Web.Tests.TestProjectController" runstate="Runnable" seed="697445566" result="Passed" start-time="2019-08-25 14:45:25Z" end-time="2019-08-25 14:45:25Z" duration="0.027128" asserts="1" />
            <test-case id="0-1017" name="QueryProjects_ShouldReturnAllProjects" fullname="PM.Web.Tests.TestProjectController.QueryProjects_ShouldReturnAllProjects" methodname="QueryProjects_ShouldReturnAllProjects" classname="PM.Web.Tests.TestProjectController" runstate="Runnable" seed="154639850" result="Passed" start-time="2019-08-25 14:45:25Z" end-time="2019-08-25 14:45:25Z" duration="0.033824" asserts="1" />
            <test-case id="0-1019" name="QueryProjects_ShouldReturnTaskWithPriorityGreaterThanAndEqualToZero" fullname="PM.Web.Tests.TestProjectController.QueryProjects_ShouldReturnTaskWithPriorityGreaterThanAndEqualToZero" methodname="QueryProjects_ShouldReturnTaskWithPriorityGreaterThanAndEqualToZero" classname="PM.Web.Tests.TestProjectController" runstate="Runnable" seed="1800596583" result="Passed" start-time="2019-08-25 14:45:25Z" end-time="2019-08-25 14:45:26Z" duration="0.102345" asserts="1" />
            <test-case id="0-1023" name="Update_ShouldAddNewProject" fullname="PM.Web.Tests.TestProjectController.Update_ShouldAddNewProject" methodname="Update_ShouldAddNewProject" classname="PM.Web.Tests.TestProjectController" runstate="Runnable" seed="55295771" result="Passed" start-time="2019-08-25 14:45:26Z" end-time="2019-08-25 14:45:26Z" duration="0.068414" asserts="2" />
            <test-case id="0-1024" name="Update_ShouldUpdateCorrectProject" fullname="PM.Web.Tests.TestProjectController.Update_ShouldUpdateCorrectProject" methodname="Update_ShouldUpdateCorrectProject" classname="PM.Web.Tests.TestProjectController" runstate="Runnable" seed="1523700100" result="Passed" start-time="2019-08-25 14:45:26Z" end-time="2019-08-25 14:45:26Z" duration="0.027350" asserts="2" />
            <test-case id="0-1030" name="UpdateProjectState_ShouldUpdateCorrectProject" fullname="PM.Web.Tests.TestProjectController.UpdateProjectState_ShouldUpdateCorrectProject" methodname="UpdateProjectState_ShouldUpdateCorrectProject" classname="PM.Web.Tests.TestProjectController" runstate="Runnable" seed="851172588" result="Passed" start-time="2019-08-25 14:45:26Z" end-time="2019-08-25 14:45:26Z" duration="0.027186" asserts="1" />
            <test-case id="0-1029" name="UpdateProjectState_WhenProjectAlreadyUpdated" fullname="PM.Web.Tests.TestProjectController.UpdateProjectState_WhenProjectAlreadyUpdated" methodname="UpdateProjectState_WhenProjectAlreadyUpdated" classname="PM.Web.Tests.TestProjectController" runstate="Runnable" seed="582549610" result="Passed" start-time="2019-08-25 14:45:26Z" end-time="2019-08-25 14:45:26Z" duration="0.037949" asserts="1" />
            <test-case id="0-1028" name="UpdateProjectState_WhenProjectDoesNotExists" fullname="PM.Web.Tests.TestProjectController.UpdateProjectState_WhenProjectDoesNotExists" methodname="UpdateProjectState_WhenProjectDoesNotExists" classname="PM.Web.Tests.TestProjectController" runstate="Runnable" seed="1012368539" result="Passed" start-time="2019-08-25 14:45:26Z" end-time="2019-08-25 14:45:26Z" duration="0.022763" asserts="1" />
          </test-suite>
          <test-suite type="TestFixture" id="0-1039" name="TestTaskController" fullname="PM.Web.Tests.TestTaskController" classname="PM.Web.Tests.TestTaskController" runstate="Runnable" testcasecount="13" result="Passed" start-time="2019-08-25 14:45:26Z" end-time="2019-08-25 14:45:27Z" duration="0.720620" total="13" passed="13" failed="0" warnings="0" inconclusive="0" skipped="0" asserts="16">
            <test-case id="0-1048" name="Delete_ShouldDeleteCorrectTask" fullname="PM.Web.Tests.TestTaskController.Delete_ShouldDeleteCorrectTask" methodname="Delete_ShouldDeleteCorrectTask" classname="PM.Web.Tests.TestTaskController" runstate="Runnable" seed="2103656177" result="Passed" start-time="2019-08-25 14:45:26Z" end-time="2019-08-25 14:45:26Z" duration="0.061780" asserts="1" />
            <test-case id="0-1049" name="Delete_ShouldNotDeleteWhenNoTaskFound" fullname="PM.Web.Tests.TestTaskController.Delete_ShouldNotDeleteWhenNoTaskFound" methodname="Delete_ShouldNotDeleteWhenNoTaskFound" classname="PM.Web.Tests.TestTaskController" runstate="Runnable" seed="95592556" result="Passed" start-time="2019-08-25 14:45:26Z" end-time="2019-08-25 14:45:26Z" duration="0.028321" asserts="1" />
            <test-case id="0-1044" name="GetTask_ShouldNotReturnTask" fullname="PM.Web.Tests.TestTaskController.GetTask_ShouldNotReturnTask" methodname="GetTask_ShouldNotReturnTask" classname="PM.Web.Tests.TestTaskController" runstate="Runnable" seed="1294363661" result="Passed" start-time="2019-08-25 14:45:26Z" end-time="2019-08-25 14:45:26Z" duration="0.024306" asserts="1" />
            <test-case id="0-1045" name="GetTask_ShouldNotReturnTask_DB" fullname="PM.Web.Tests.TestTaskController.GetTask_ShouldNotReturnTask_DB" methodname="GetTask_ShouldNotReturnTask_DB" classname="PM.Web.Tests.TestTaskController" runstate="Runnable" seed="299059884" result="Passed" start-time="2019-08-25 14:45:26Z" end-time="2019-08-25 14:45:26Z" duration="0.331195" asserts="1" />
            <test-case id="0-1043" name="GetTask_ShouldReturnCorrectTask" fullname="PM.Web.Tests.TestTaskController.GetTask_ShouldReturnCorrectTask" methodname="GetTask_ShouldReturnCorrectTask" classname="PM.Web.Tests.TestTaskController" runstate="Runnable" seed="1169423906" result="Passed" start-time="2019-08-25 14:45:26Z" end-time="2019-08-25 14:45:26Z" duration="0.063296" asserts="2" />
            <test-case id="0-1040" name="GetTasks_ShouldReturnAllTasks" fullname="PM.Web.Tests.TestTaskController.GetTasks_ShouldReturnAllTasks" methodname="GetTasks_ShouldReturnAllTasks" classname="PM.Web.Tests.TestTaskController" runstate="Runnable" seed="957855414" result="Passed" start-time="2019-08-25 14:45:26Z" end-time="2019-08-25 14:45:26Z" duration="0.035577" asserts="1" />
            <test-case id="0-1042" name="QueryTasks_ShouldNotReturnAnyTask" fullname="PM.Web.Tests.TestTaskController.QueryTasks_ShouldNotReturnAnyTask" methodname="QueryTasks_ShouldNotReturnAnyTask" classname="PM.Web.Tests.TestTaskController" runstate="Runnable" seed="1837898894" result="Passed" start-time="2019-08-25 14:45:26Z" end-time="2019-08-25 14:45:26Z" duration="0.017761" asserts="1" />
            <test-case id="0-1041" name="QueryTasks_ShouldReturnAllProjects" fullname="PM.Web.Tests.TestTaskController.QueryTasks_ShouldReturnAllProjects" methodname="QueryTasks_ShouldReturnAllProjects" classname="PM.Web.Tests.TestTaskController" runstate="Runnable" seed="1856937256" result="Passed" start-time="2019-08-25 14:45:26Z" end-time="2019-08-25 14:45:26Z" duration="0.031991" asserts="1" />
            <test-case id="0-1046" name="Update_ShouldAddNewTask" fullname="PM.Web.Tests.TestTaskController.Update_ShouldAddNewTask" methodname="Update_ShouldAddNewTask" classname="PM.Web.Tests.TestTaskController" runstate="Runnable" seed="195253070" result="Passed" start-time="2019-08-25 14:45:26Z" end-time="2019-08-25 14:45:26Z" duration="0.033733" asserts="2" />
            <test-case id="0-1047" name="Update_ShouldUpdateCorrectTask" fullname="PM.Web.Tests.TestTaskController.Update_ShouldUpdateCorrectTask" methodname="Update_ShouldUpdateCorrectTask" classname="PM.Web.Tests.TestTaskController" runstate="Runnable" seed="1358744273" result="Passed" start-time="2019-08-25 14:45:26Z" end-time="2019-08-25 14:45:26Z" duration="0.019553" asserts="2" />
            <test-case id="0-1052" name="UpdateTaskState_ShouldUpdateCorrectTask" fullname="PM.Web.Tests.TestTaskController.UpdateTaskState_ShouldUpdateCorrectTask" methodname="UpdateTaskState_ShouldUpdateCorrectTask" classname="PM.Web.Tests.TestTaskController" runstate="Runnable" seed="393162071" result="Passed" start-time="2019-08-25 14:45:26Z" end-time="2019-08-25 14:45:26Z" duration="0.032612" asserts="1" />
            <test-case id="0-1051" name="UpdateTaskState_WhenTaskAlreadyUpToDate" fullname="PM.Web.Tests.TestTaskController.UpdateTaskState_WhenTaskAlreadyUpToDate" methodname="UpdateTaskState_WhenTaskAlreadyUpToDate" classname="PM.Web.Tests.TestTaskController" runstate="Runnable" seed="760353444" result="Passed" start-time="2019-08-25 14:45:26Z" end-time="2019-08-25 14:45:26Z" duration="0.016624" asserts="1" />
            <test-case id="0-1050" name="UpdateTaskState_WhenTaskDoesNotExist" fullname="PM.Web.Tests.TestTaskController.UpdateTaskState_WhenTaskDoesNotExist" methodname="UpdateTaskState_WhenTaskDoesNotExist" classname="PM.Web.Tests.TestTaskController" runstate="Runnable" seed="234496485" result="Passed" start-time="2019-08-25 14:45:26Z" end-time="2019-08-25 14:45:27Z" duration="0.021842" asserts="1" />
          </test-suite>
          <test-suite type="TestFixture" id="0-1053" name="TestUserController" fullname="PM.Web.Tests.TestUserController" classname="PM.Web.Tests.TestUserController" runstate="Runnable" testcasecount="13" result="Passed" start-time="2019-08-25 14:45:27Z" end-time="2019-08-25 14:45:27Z" duration="0.429793" total="13" passed="13" failed="0" warnings="0" inconclusive="0" skipped="0" asserts="16">
            <test-case id="0-1063" name="Delete_ShouldDeleteCorrectUser" fullname="PM.Web.Tests.TestUserController.Delete_ShouldDeleteCorrectUser" methodname="Delete_ShouldDeleteCorrectUser" classname="PM.Web.Tests.TestUserController" runstate="Runnable" seed="2093605763" result="Passed" start-time="2019-08-25 14:45:27Z" end-time="2019-08-25 14:45:27Z" duration="0.046576" asserts="1" />
            <test-case id="0-1065" name="Delete_ShouldNotDeleteWhenUserHasProjects" fullname="PM.Web.Tests.TestUserController.Delete_ShouldNotDeleteWhenUserHasProjects" methodname="Delete_ShouldNotDeleteWhenUserHasProjects" classname="PM.Web.Tests.TestUserController" runstate="Runnable" seed="712869051" result="Passed" start-time="2019-08-25 14:45:27Z" end-time="2019-08-25 14:45:27Z" duration="0.015676" asserts="1" />
            <test-case id="0-1066" name="Delete_ShouldNotDeleteWhenUserHasTasks" fullname="PM.Web.Tests.TestUserController.Delete_ShouldNotDeleteWhenUserHasTasks" methodname="Delete_ShouldNotDeleteWhenUserHasTasks" classname="PM.Web.Tests.TestUserController" runstate="Runnable" seed="814210296" result="Passed" start-time="2019-08-25 14:45:27Z" end-time="2019-08-25 14:45:27Z" duration="0.110018" asserts="1" />
            <test-case id="0-1064" name="Delete_ShouldNotDeleteWhenUserNotFound" fullname="PM.Web.Tests.TestUserController.Delete_ShouldNotDeleteWhenUserNotFound" methodname="Delete_ShouldNotDeleteWhenUserNotFound" classname="PM.Web.Tests.TestUserController" runstate="Runnable" seed="1465493359" result="Passed" start-time="2019-08-25 14:45:27Z" end-time="2019-08-25 14:45:27Z" duration="0.049999" asserts="1" />
            <test-case id="0-1058" name="GetUser_ShouldNotReturnUser" fullname="PM.Web.Tests.TestUserController.GetUser_ShouldNotReturnUser" methodname="GetUser_ShouldNotReturnUser" classname="PM.Web.Tests.TestUserController" runstate="Runnable" seed="933699939" result="Passed" start-time="2019-08-25 14:45:27Z" end-time="2019-08-25 14:45:27Z" duration="0.023094" asserts="1" />
            <test-case id="0-1059" name="GetUser_ShouldNotReturnUser_DB" fullname="PM.Web.Tests.TestUserController.GetUser_ShouldNotReturnUser_DB" methodname="GetUser_ShouldNotReturnUser_DB" classname="PM.Web.Tests.TestUserController" runstate="Runnable" seed="1158706687" result="Passed" start-time="2019-08-25 14:45:27Z" end-time="2019-08-25 14:45:27Z" duration="0.028228" asserts="1" />
            <test-case id="0-1057" name="GetUser_ShouldReturnCorrectUser" fullname="PM.Web.Tests.TestUserController.GetUser_ShouldReturnCorrectUser" methodname="GetUser_ShouldReturnCorrectUser" classname="PM.Web.Tests.TestUserController" runstate="Runnable" seed="1174571117" result="Passed" start-time="2019-08-25 14:45:27Z" end-time="2019-08-25 14:45:27Z" duration="0.022714" asserts="2" />
            <test-case id="0-1054" name="GetUsers_ShouldReturnAllUsers" fullname="PM.Web.Tests.TestUserController.GetUsers_ShouldReturnAllUsers" methodname="GetUsers_ShouldReturnAllUsers" classname="PM.Web.Tests.TestUserController" runstate="Runnable" seed="1410006585" result="Passed" start-time="2019-08-25 14:45:27Z" end-time="2019-08-25 14:45:27Z" duration="0.030450" asserts="1" />
            <test-case id="0-1056" name="QueryUser_ShouldNotReturnAnyProject" fullname="PM.Web.Tests.TestUserController.QueryUser_ShouldNotReturnAnyProject" methodname="QueryUser_ShouldNotReturnAnyProject" classname="PM.Web.Tests.TestUserController" runstate="Runnable" seed="1880384465" result="Passed" start-time="2019-08-25 14:45:27Z" end-time="2019-08-25 14:45:27Z" duration="0.021040" asserts="1" />
            <test-case id="0-1055" name="QueryUsers_ShouldReturnAllUsers" fullname="PM.Web.Tests.TestUserController.QueryUsers_ShouldReturnAllUsers" methodname="QueryUsers_ShouldReturnAllUsers" classname="PM.Web.Tests.TestUserController" runstate="Runnable" seed="431023898" result="Passed" start-time="2019-08-25 14:45:27Z" end-time="2019-08-25 14:45:27Z" duration="0.021814" asserts="1" />
            <test-case id="0-1060" name="Update_ShouldAddNewUser" fullname="PM.Web.Tests.TestUserController.Update_ShouldAddNewUser" methodname="Update_ShouldAddNewUser" classname="PM.Web.Tests.TestUserController" runstate="Runnable" seed="1312876625" result="Passed" start-time="2019-08-25 14:45:27Z" end-time="2019-08-25 14:45:27Z" duration="0.025118" asserts="2" />
            <test-case id="0-1061" name="Update_ShouldNotUpdateIfFirstNameAndLastNameNotProvided" fullname="PM.Web.Tests.TestUserController.Update_ShouldNotUpdateIfFirstNameAndLastNameNotProvided" methodname="Update_ShouldNotUpdateIfFirstNameAndLastNameNotProvided" classname="PM.Web.Tests.TestUserController" runstate="Runnable" seed="1154418237" result="Passed" start-time="2019-08-25 14:45:27Z" end-time="2019-08-25 14:45:27Z" duration="0.017206" asserts="1" />
            <test-case id="0-1062" name="Update_ShouldUpdateCorrectUser" fullname="PM.Web.Tests.TestUserController.Update_ShouldUpdateCorrectUser" methodname="Update_ShouldUpdateCorrectUser" classname="PM.Web.Tests.TestUserController" runstate="Runnable" seed="347039320" result="Passed" start-time="2019-08-25 14:45:27Z" end-time="2019-08-25 14:45:27Z" duration="0.016564" asserts="2" />
          </test-suite>
        </test-suite>
      </test-suite>
    </test-suite>
  </test-suite>
</test-run>